The solution found by the Subgoals BFS is composed by the following actions:
Abstract: Action: MOVE(ROVER ,WAYPOINT6 ,WAYPOINT8 ,)
Detailed:
Action: MOVE(ROVER ,WAYPOINT6 ,WAYPOINT3 ,)
Action: MOVE(ROVER ,WAYPOINT3 ,WAYPOINT4 ,)
Action: MOVE(ROVER ,WAYPOINT4 ,WAYPOINT8 ,)

Abstract: Action: MOVE(ROVER ,WAYPOINT8 ,WAYPOINT4 ,)
Detailed:
Action: MOVE(ROVER ,WAYPOINT8 ,WAYPOINT6 ,)
Action: MOVE(ROVER ,WAYPOINT6 ,WAYPOINT3 ,)
Action: MOVE(ROVER ,WAYPOINT3 ,WAYPOINT4 ,)

Abstract: Action: MOVE(ROVER ,WAYPOINT4 ,WAYPOINT3 ,)
Detailed:
Action: MOVE(ROVER ,WAYPOINT4 ,WAYPOINT8 ,)
Action: MOVE(ROVER ,WAYPOINT8 ,WAYPOINT6 ,)
Action: MOVE(ROVER ,WAYPOINT6 ,WAYPOINT3 ,)

Abstract: Action: TAKE_SAMPLE(ROVER ,SAMPLE5 ,WAYPOINT3 ,)
Detailed:
Action: TAKE_SAMPLE(ROVER ,SAMPLE5 ,WAYPOINT3 ,)

Abstract: Action: TAKE_IMAGE(ROVER ,OBJECTIVE1 ,WAYPOINT3 ,)
Detailed:
Action: TAKE_IMAGE(ROVER ,OBJECTIVE1 ,WAYPOINT3 ,)

Abstract: Action: MOVE(ROVER ,WAYPOINT3 ,WAYPOINT6 ,)
Detailed:
Action: MOVE(ROVER ,WAYPOINT3 ,WAYPOINT4 ,)
Action: MOVE(ROVER ,WAYPOINT4 ,WAYPOINT8 ,)
Action: MOVE(ROVER ,WAYPOINT8 ,WAYPOINT6 ,)

Abstract: Action: MOVE(ROVER ,WAYPOINT6 ,WAYPOINT8 ,)
Detailed:
Action: MOVE(ROVER ,WAYPOINT6 ,WAYPOINT3 ,)
Action: MOVE(ROVER ,WAYPOINT3 ,WAYPOINT4 ,)
Action: MOVE(ROVER ,WAYPOINT4 ,WAYPOINT8 ,)


Subgoals BFS search time: 165 ms
Subgoals BFS search explored nodes: 48
