Normal BFS search time: 955 ms

Normal BFS search explored nodes: 271

The solution found by the normal BFS is composed by the following actions:
Action: MOVE(ROVER ,WAYPOINT6 ,WAYPOINT7 ,)
Action: TAKE_IMAGE(ROVER ,OBJECTIVE2 ,WAYPOINT7 ,)
Action: MOVE(ROVER ,WAYPOINT7 ,WAYPOINT6 ,)
Action: MOVE(ROVER ,WAYPOINT6 ,WAYPOINT3 ,)
Action: MOVE(ROVER ,WAYPOINT3 ,WAYPOINT4 ,)
Action: MOVE(ROVER ,WAYPOINT4 ,WAYPOINT8 ,)

In the abstract simulation the following action was performed: Action: MOVE(ROVER ,WAYPOINT6 ,WAYPOINT7 ,)
In the full detail simulation that was translated with these actions:
Action: MOVE(ROVER ,WAYPOINT6 ,WAYPOINT7 ,)
In the abstract simulation the following action was performed: Action: MOVE(ROVER ,WAYPOINT7 ,WAYPOINT6 ,)
In the full detail simulation that was translated with these actions:
Action: MOVE(ROVER ,WAYPOINT7 ,WAYPOINT6 ,)
In the abstract simulation the following action was performed: Action: MOVE(ROVER ,WAYPOINT6 ,WAYPOINT7 ,)
In the full detail simulation that was translated with these actions:
Action: MOVE(ROVER ,WAYPOINT6 ,WAYPOINT7 ,)
In the abstract simulation the following action was performed: Action: TAKE_IMAGE(ROVER ,OBJECTIVE2 ,WAYPOINT7 ,)
In the full detail simulation that was translated with these actions:
Action: TAKE_IMAGE(ROVER ,OBJECTIVE2 ,WAYPOINT7 ,)
In the abstract simulation the following action was performed: Action: TAKE_IMAGE(ROVER ,OBJECTIVE2 ,WAYPOINT7 ,)
In the full detail simulation that was translated with these actions:
In the abstract simulation the following action was performed: Action: TAKE_IMAGE(ROVER ,OBJECTIVE2 ,WAYPOINT7 ,)
In the full detail simulation that was translated with these actions:
In the abstract simulation the following action was performed: Action: MOVE(ROVER ,WAYPOINT7 ,WAYPOINT6 ,)
In the full detail simulation that was translated with these actions:
Action: MOVE(ROVER ,WAYPOINT7 ,WAYPOINT6 ,)
In the abstract simulation the following action was performed: Action: MOVE(ROVER ,WAYPOINT6 ,WAYPOINT8 ,)
In the full detail simulation that was translated with these actions:
Action: MOVE(ROVER ,WAYPOINT6 ,WAYPOINT3 ,)
Action: MOVE(ROVER ,WAYPOINT3 ,WAYPOINT4 ,)
Action: MOVE(ROVER ,WAYPOINT4 ,WAYPOINT8 ,)

Subgoals BFS search time: 49 ms
Subgoals BFS search explored nodes: 16
