The solution found by the Subgoals BFS is composed by the following actions:
Abstract: MOVE(ROVER1, WAYPOINT6, WAYPOINT7), MOVE(ROVER2, WAYPOINT6, WAYPOINT3)
Detailed All Sequetial:
MOVE(ROVER1, WAYPOINT6, WAYPOINT7)
MOVE(ROVER2, WAYPOINT6, WAYPOINT3)
Detailed Sequetial Lists of Parallel Actions:
Turn [0]:
MOVE(ROVER1, WAYPOINT6, WAYPOINT7)
MOVE(ROVER2, WAYPOINT6, WAYPOINT3)


Subgoals BFS search time: 46 ms
Subgoals BFS search explored nodes: 13
The solution found by the Subgoals BFS is composed by the following actions:
Abstract: MOVE(ROVER1, WAYPOINT6, WAYPOINT7)
Detailed All Sequetial:
MOVE(ROVER1, WAYPOINT6, WAYPOINT7, BATTERY_ROVER1, WHEELS_ROVER1)
Detailed Sequetial Lists of Parallel Actions:
Turn [0]:
MOVE(ROVER1, WAYPOINT6, WAYPOINT7, BATTERY_ROVER1, WHEELS_ROVER1)
IDLE(ROVER2)

Abstract: MOVE(ROVER2, WAYPOINT6, WAYPOINT3)
Detailed All Sequetial:
MOVE(ROVER2, WAYPOINT6, WAYPOINT3, BATTERY_ROVER2, WHEELS_ROVER2)
Detailed Sequetial Lists of Parallel Actions:
Turn [0]:
IDLE(ROVER1)
MOVE(ROVER2, WAYPOINT6, WAYPOINT3, BATTERY_ROVER2, WHEELS_ROVER2)

Abstract: MOVE(ROVER1, WAYPOINT7, WAYPOINT6), TAKE_SAMPLE(ROVER2, SAMPLE5, WAYPOINT3)
Detailed All Sequetial:
MOVE(ROVER1, WAYPOINT7, WAYPOINT6, BATTERY_ROVER1, WHEELS_ROVER1)
TAKE_SAMPLE(ROVER2, SAMPLE5, WAYPOINT3, BATTERY_ROVER2)
Detailed Sequetial Lists of Parallel Actions:
Turn [0]:
MOVE(ROVER1, WAYPOINT7, WAYPOINT6, BATTERY_ROVER1, WHEELS_ROVER1)
TAKE_SAMPLE(ROVER2, SAMPLE5, WAYPOINT3, BATTERY_ROVER2)

Abstract: MOVE(ROVER1, WAYPOINT6, WAYPOINT7), MOVE(ROVER2, WAYPOINT3, WAYPOINT4)
Detailed All Sequetial:
MOVE(ROVER1, WAYPOINT6, WAYPOINT7, BATTERY_ROVER1, WHEELS_ROVER1)
MOVE(ROVER2, WAYPOINT3, WAYPOINT4, BATTERY_ROVER2, WHEELS_ROVER2)
Detailed Sequetial Lists of Parallel Actions:
Turn [0]:
MOVE(ROVER1, WAYPOINT6, WAYPOINT7, BATTERY_ROVER1, WHEELS_ROVER1)
MOVE(ROVER2, WAYPOINT3, WAYPOINT4, BATTERY_ROVER2, WHEELS_ROVER2)


Subgoals BFS search time: 309 ms
Subgoals BFS search explored nodes: 39
