The solution found by the Subgoals BFS is composed by the following actions:
Abstract: Action: MOVE(ROVER1 ,WAYPOINT6 ,WAYPOINT7 ,)
Detailed:
Action: MOVE(ROVER1 ,WAYPOINT6 ,WAYPOINT7 ,)

Abstract: Action: MOVE(ROVER2 ,WAYPOINT6 ,WAYPOINT3 ,)
Detailed:
Action: MOVE(ROVER2 ,WAYPOINT6 ,WAYPOINT3 ,)

Abstract: Action: MOVE(ROVER2 ,WAYPOINT3 ,WAYPOINT6 ,)
Detailed:
Action: MOVE(ROVER2 ,WAYPOINT3 ,WAYPOINT4 ,)
Action: MOVE(ROVER2 ,WAYPOINT4 ,WAYPOINT8 ,)
Action: MOVE(ROVER2 ,WAYPOINT8 ,WAYPOINT6 ,)

Abstract: Action: MOVE(ROVER1 ,WAYPOINT7 ,WAYPOINT6 ,)
Detailed:
Action: MOVE(ROVER1 ,WAYPOINT7 ,WAYPOINT6 ,)

Abstract: Action: MOVE(ROVER2 ,WAYPOINT6 ,WAYPOINT8 ,)
Detailed:
Action: MOVE(ROVER2 ,WAYPOINT6 ,WAYPOINT3 ,)
Action: MOVE(ROVER2 ,WAYPOINT3 ,WAYPOINT4 ,)
Action: MOVE(ROVER2 ,WAYPOINT4 ,WAYPOINT8 ,)

Abstract: Action: MOVE(ROVER2 ,WAYPOINT8 ,WAYPOINT4 ,)
Detailed:
Action: MOVE(ROVER2 ,WAYPOINT8 ,WAYPOINT6 ,)
Action: MOVE(ROVER2 ,WAYPOINT6 ,WAYPOINT3 ,)
Action: MOVE(ROVER2 ,WAYPOINT3 ,WAYPOINT4 ,)


Subgoals BFS search time: 973 ms
Subgoals BFS search explored nodes: 294
