The solution found by the Subgoals BFS is composed by the following actions:
Abstract: MOVE(ROVER1, WAYPOINT6, WAYPOINT8), MOVE(ROVER2, WAYPOINT6, WAYPOINT3)
Detailed All Sequetial:
MOVE(ROVER1, WAYPOINT6, WAYPOINT3)
MOVE(ROVER1, WAYPOINT3, WAYPOINT4)
MOVE(ROVER1, WAYPOINT4, WAYPOINT8)
MOVE(ROVER2, WAYPOINT6, WAYPOINT3)
Detailed Sequetial Lists of Parallel Actions:
Turn [0]:
MOVE(ROVER1, WAYPOINT4, WAYPOINT8)
MOVE(ROVER2, WAYPOINT6, WAYPOINT3)
Turn [1]:
MOVE(ROVER1, WAYPOINT3, WAYPOINT4)
IDLE(ROVER2)
Turn [2]:
MOVE(ROVER1, WAYPOINT6, WAYPOINT3)
IDLE(ROVER2)


Subgoals BFS search time: 403 ms
Subgoals BFS search explored nodes: 144
The solution found by the Subgoals BFS is composed by the following actions:
Abstract: MOVE(ROVER1, WAYPOINT6, WAYPOINT3)
Detailed All Sequetial:
MOVE(ROVER1, WAYPOINT6, WAYPOINT3, BATTERY_ROVER1, WHEELS_ROVER1)
Detailed Sequetial Lists of Parallel Actions:
Turn [0]:
MOVE(ROVER1, WAYPOINT6, WAYPOINT3, BATTERY_ROVER1, WHEELS_ROVER1)
IDLE(ROVER2)

Abstract: MOVE(ROVER1, WAYPOINT3, WAYPOINT4)
Detailed All Sequetial:
MOVE(ROVER1, WAYPOINT3, WAYPOINT4, BATTERY_ROVER1, WHEELS_ROVER1)
Detailed Sequetial Lists of Parallel Actions:
Turn [0]:
MOVE(ROVER1, WAYPOINT3, WAYPOINT4, BATTERY_ROVER1, WHEELS_ROVER1)
IDLE(ROVER2)

Abstract: MOVE(ROVER1, WAYPOINT4, WAYPOINT8)
Detailed All Sequetial:
MOVE(ROVER1, WAYPOINT4, WAYPOINT8, BATTERY_ROVER1, WHEELS_ROVER1)
Detailed Sequetial Lists of Parallel Actions:
Turn [0]:
MOVE(ROVER1, WAYPOINT4, WAYPOINT8, BATTERY_ROVER1, WHEELS_ROVER1)
IDLE(ROVER2)

Abstract: MOVE(ROVER2, WAYPOINT6, WAYPOINT3)
Detailed All Sequetial:
MOVE(ROVER2, WAYPOINT6, WAYPOINT3, BATTERY_ROVER2, WHEELS_ROVER2)
Detailed Sequetial Lists of Parallel Actions:
Turn [0]:
IDLE(ROVER1)
MOVE(ROVER2, WAYPOINT6, WAYPOINT3, BATTERY_ROVER2, WHEELS_ROVER2)

Abstract: MOVE(ROVER1, WAYPOINT8, WAYPOINT6), MOVE(ROVER2, WAYPOINT3, WAYPOINT4)
Detailed All Sequetial:
MOVE(ROVER1, WAYPOINT8, WAYPOINT6, BATTERY_ROVER1, WHEELS_ROVER1)
MOVE(ROVER2, WAYPOINT3, WAYPOINT4, BATTERY_ROVER2, WHEELS_ROVER2)
Detailed Sequetial Lists of Parallel Actions:
Turn [0]:
MOVE(ROVER1, WAYPOINT8, WAYPOINT6, BATTERY_ROVER1, WHEELS_ROVER1)
MOVE(ROVER2, WAYPOINT3, WAYPOINT4, BATTERY_ROVER2, WHEELS_ROVER2)


Subgoals BFS search time: 278 ms
Subgoals BFS search explored nodes: 20
