The solution found by the Subgoals BFS is composed by the following actions:
Abstract: Action: MOVE(ROVER ,WAYPOINT6 ,WAYPOINT7 ,)
Detailed:
Action: MOVE(ROVER ,WAYPOINT6 ,WAYPOINT7 ,)

Abstract: Action: MOVE(ROVER ,WAYPOINT7 ,WAYPOINT6 ,)
Detailed:
Action: MOVE(ROVER ,WAYPOINT7 ,WAYPOINT6 ,)

Abstract: Action: MOVE(ROVER ,WAYPOINT6 ,WAYPOINT7 ,)
Detailed:
Action: MOVE(ROVER ,WAYPOINT6 ,WAYPOINT7 ,)

Abstract: Action: TAKE_IMAGE(ROVER ,OBJECTIVE2 ,WAYPOINT7 ,)
Detailed:
Action: TAKE_IMAGE(ROVER ,OBJECTIVE2 ,WAYPOINT7 ,)

Abstract: Action: MOVE(ROVER ,WAYPOINT7 ,WAYPOINT6 ,)
Detailed:
Action: MOVE(ROVER ,WAYPOINT7 ,WAYPOINT6 ,)

Abstract: Action: MOVE(ROVER ,WAYPOINT6 ,WAYPOINT8 ,)
Detailed:
Action: MOVE(ROVER ,WAYPOINT6 ,WAYPOINT3 ,)
Action: MOVE(ROVER ,WAYPOINT3 ,WAYPOINT4 ,)
Action: MOVE(ROVER ,WAYPOINT4 ,WAYPOINT8 ,)


Subgoals BFS search time: 69 ms
Subgoals BFS search explored nodes: 16
The solution found by the Subgoals BFS is composed by the following actions:
Abstract: Action: MOVE(ROVER ,WAYPOINT6 ,WAYPOINT7 ,)
Detailed:
Action: MOVE(ROVER ,WAYPOINT6 ,WAYPOINT7 ,BATTERY ,WHEELS ,)

Abstract: Action: MOVE(ROVER ,WAYPOINT7 ,WAYPOINT6 ,)
Detailed:
Action: MOVE(ROVER ,WAYPOINT7 ,WAYPOINT6 ,BATTERY ,WHEELS ,)

Abstract: Action: MOVE(ROVER ,WAYPOINT6 ,WAYPOINT7 ,)
Detailed:
Action: MOVE(ROVER ,WAYPOINT6 ,WAYPOINT7 ,BATTERY ,WHEELS ,)

Abstract: Action: TAKE_IMAGE(ROVER ,OBJECTIVE2 ,WAYPOINT7 ,)
Detailed:
Action: TAKE_IMAGE(ROVER ,OBJECTIVE2 ,WAYPOINT7 ,BATTERY ,)

Abstract: Action: MOVE(ROVER ,WAYPOINT7 ,WAYPOINT6 ,)
Detailed:
Action: MOVE(ROVER ,WAYPOINT7 ,WAYPOINT6 ,BATTERY ,WHEELS ,)

Abstract: Action: MOVE(ROVER ,WAYPOINT6 ,WAYPOINT3 ,)
Detailed:
Action: MOVE(ROVER ,WAYPOINT6 ,WAYPOINT3 ,BATTERY ,WHEELS ,)

Abstract: Action: MOVE(ROVER ,WAYPOINT3 ,WAYPOINT4 ,)
Detailed:
Action: MOVE(ROVER ,WAYPOINT3 ,WAYPOINT4 ,BATTERY ,WHEELS ,)

Abstract: Action: MOVE(ROVER ,WAYPOINT4 ,WAYPOINT8 ,)
Detailed:
Action: MOVE(ROVER ,WAYPOINT4 ,WAYPOINT8 ,BATTERY ,WHEELS ,)

Abstract: Action: TAKE_SAMPLE(ROVER ,SAMPLE4 ,WAYPOINT8 ,)
Detailed:
Action: TAKE_SAMPLE(ROVER ,SAMPLE4 ,WAYPOINT8 ,BATTERY ,)

Abstract: Action: MOVE(ROVER ,WAYPOINT8 ,WAYPOINT6 ,)
Detailed:
Action: MOVE(ROVER ,WAYPOINT8 ,WAYPOINT6 ,BATTERY ,WHEELS ,)

Abstract: Action: MOVE(ROVER ,WAYPOINT6 ,WAYPOINT3 ,)
Detailed:
Action: MOVE(ROVER ,WAYPOINT6 ,WAYPOINT3 ,BATTERY ,WHEELS ,)


Subgoals BFS search time: 123 ms
Subgoals BFS search explored nodes: 15
