The solution found by the Subgoals BFS is composed by the following actions:
Abstract: Action: MOVE(ROVER2 ,WAYPOINT6 ,WAYPOINT8 ,)
Detailed:
Action: MOVE(ROVER2 ,WAYPOINT6 ,WAYPOINT3 ,)
Action: MOVE(ROVER2 ,WAYPOINT3 ,WAYPOINT4 ,)
Action: MOVE(ROVER2 ,WAYPOINT4 ,WAYPOINT8 ,)

Abstract: Action: MOVE(ROVER2 ,WAYPOINT8 ,WAYPOINT4 ,)
Detailed:
Action: MOVE(ROVER2 ,WAYPOINT8 ,WAYPOINT6 ,)
Action: MOVE(ROVER2 ,WAYPOINT6 ,WAYPOINT3 ,)
Action: MOVE(ROVER2 ,WAYPOINT3 ,WAYPOINT4 ,)

Abstract: Action: MOVE(ROVER1 ,WAYPOINT6 ,WAYPOINT7 ,)
Detailed:
Action: MOVE(ROVER1 ,WAYPOINT6 ,WAYPOINT7 ,)

Abstract: Action: MOVE(ROVER2 ,WAYPOINT4 ,WAYPOINT3 ,)
Detailed:
Action: MOVE(ROVER2 ,WAYPOINT4 ,WAYPOINT8 ,)
Action: MOVE(ROVER2 ,WAYPOINT8 ,WAYPOINT6 ,)
Action: MOVE(ROVER2 ,WAYPOINT6 ,WAYPOINT3 ,)

Abstract: Action: TAKE_SAMPLE(ROVER2 ,SAMPLE5 ,WAYPOINT3 ,)
Detailed:
Action: TAKE_SAMPLE(ROVER2 ,SAMPLE5 ,WAYPOINT3 ,)

Abstract: Action: TAKE_IMAGE(ROVER2 ,OBJECTIVE1 ,WAYPOINT3 ,)
Detailed:
Action: TAKE_IMAGE(ROVER2 ,OBJECTIVE1 ,WAYPOINT3 ,)

Abstract: Action: MOVE(ROVER2 ,WAYPOINT3 ,WAYPOINT4 ,)
Detailed:
Action: MOVE(ROVER2 ,WAYPOINT3 ,WAYPOINT4 ,)

Abstract: Action: MOVE(ROVER1 ,WAYPOINT7 ,WAYPOINT6 ,)
Detailed:
Action: MOVE(ROVER1 ,WAYPOINT7 ,WAYPOINT6 ,)

Abstract: Action: MOVE(ROVER1 ,WAYPOINT6 ,WAYPOINT7 ,)
Detailed:
Action: MOVE(ROVER1 ,WAYPOINT6 ,WAYPOINT7 ,)

Abstract: Action: MOVE(ROVER2 ,WAYPOINT4 ,WAYPOINT3 ,)
Detailed:
Action: MOVE(ROVER2 ,WAYPOINT4 ,WAYPOINT8 ,)
Action: MOVE(ROVER2 ,WAYPOINT8 ,WAYPOINT6 ,)
Action: MOVE(ROVER2 ,WAYPOINT6 ,WAYPOINT3 ,)

Abstract: Action: TAKE_IMAGE(ROVER1 ,OBJECTIVE2 ,WAYPOINT7 ,)
Detailed:
Action: TAKE_IMAGE(ROVER1 ,OBJECTIVE2 ,WAYPOINT7 ,)

Abstract: Action: MOVE(ROVER2 ,WAYPOINT3 ,WAYPOINT6 ,)
Detailed:
Action: MOVE(ROVER2 ,WAYPOINT3 ,WAYPOINT4 ,)
Action: MOVE(ROVER2 ,WAYPOINT4 ,WAYPOINT8 ,)
Action: MOVE(ROVER2 ,WAYPOINT8 ,WAYPOINT6 ,)


Subgoals BFS search time: 1487 ms
Subgoals BFS search explored nodes: 350
The solution found by the Subgoals BFS is composed by the following actions:
Abstract: Action: MOVE(ROVER2 ,WAYPOINT6 ,WAYPOINT3 ,)
Detailed:
Action: MOVE(ROVER2 ,WAYPOINT6 ,WAYPOINT3 ,BATTERY_ROVER2 ,WHEELS_ROVER2 ,)

Abstract: Action: MOVE(ROVER2 ,WAYPOINT3 ,WAYPOINT4 ,)
Detailed:
Action: MOVE(ROVER2 ,WAYPOINT3 ,WAYPOINT4 ,BATTERY_ROVER2 ,WHEELS_ROVER2 ,)

Abstract: Action: MOVE(ROVER2 ,WAYPOINT4 ,WAYPOINT8 ,)
Detailed:
Action: MOVE(ROVER2 ,WAYPOINT4 ,WAYPOINT8 ,BATTERY_ROVER2 ,WHEELS_ROVER2 ,)

Abstract: Action: MOVE(ROVER2 ,WAYPOINT8 ,WAYPOINT6 ,)
Detailed:
Action: MOVE(ROVER2 ,WAYPOINT8 ,WAYPOINT6 ,BATTERY_ROVER2 ,WHEELS_ROVER2 ,)

Abstract: Action: MOVE(ROVER2 ,WAYPOINT6 ,WAYPOINT3 ,)
Detailed:
Action: MOVE(ROVER2 ,WAYPOINT6 ,WAYPOINT3 ,BATTERY_ROVER2 ,WHEELS_ROVER2 ,)

Abstract: Action: MOVE(ROVER2 ,WAYPOINT3 ,WAYPOINT4 ,)
Detailed:
Action: MOVE(ROVER2 ,WAYPOINT3 ,WAYPOINT4 ,BATTERY_ROVER2 ,WHEELS_ROVER2 ,)

Abstract: Action: MOVE(ROVER1 ,WAYPOINT6 ,WAYPOINT7 ,)
Detailed:
Action: MOVE(ROVER1 ,WAYPOINT6 ,WAYPOINT7 ,BATTERY_ROVER1 ,WHEELS_ROVER1 ,)

Abstract: Action: MOVE(ROVER2 ,WAYPOINT4 ,WAYPOINT8 ,)
Detailed:
Action: MOVE(ROVER2 ,WAYPOINT4 ,WAYPOINT8 ,BATTERY_ROVER2 ,WHEELS_ROVER2 ,)

Abstract: Action: MOVE(ROVER2 ,WAYPOINT8 ,WAYPOINT6 ,)
Detailed:
Action: MOVE(ROVER2 ,WAYPOINT8 ,WAYPOINT6 ,BATTERY_ROVER2 ,WHEELS_ROVER2 ,)

Abstract: Action: MOVE(ROVER2 ,WAYPOINT6 ,WAYPOINT3 ,)
Detailed:
Action: MOVE(ROVER2 ,WAYPOINT6 ,WAYPOINT3 ,BATTERY_ROVER2 ,WHEELS_ROVER2 ,)

Abstract: Action: TAKE_SAMPLE(ROVER2 ,SAMPLE5 ,WAYPOINT3 ,)
Detailed:
Action: TAKE_SAMPLE(ROVER2 ,SAMPLE5 ,WAYPOINT3 ,BATTERY_ROVER2 ,)

Abstract: Action: TAKE_IMAGE(ROVER2 ,OBJECTIVE1 ,WAYPOINT3 ,)
Detailed:
Action: TAKE_IMAGE(ROVER2 ,OBJECTIVE1 ,WAYPOINT3 ,BATTERY_ROVER2 ,)

Abstract: Action: MOVE(ROVER2 ,WAYPOINT3 ,WAYPOINT4 ,)
Detailed:
Action: MOVE(ROVER2 ,WAYPOINT3 ,WAYPOINT4 ,BATTERY_ROVER2 ,WHEELS_ROVER2 ,)

Abstract: Action: MOVE(ROVER1 ,WAYPOINT7 ,WAYPOINT6 ,)
Detailed:
Action: MOVE(ROVER1 ,WAYPOINT7 ,WAYPOINT6 ,BATTERY_ROVER1 ,WHEELS_ROVER1 ,)

Abstract: Action: MOVE(ROVER1 ,WAYPOINT6 ,WAYPOINT7 ,)
Detailed:
Action: MOVE(ROVER1 ,WAYPOINT6 ,WAYPOINT7 ,BATTERY_ROVER1 ,WHEELS_ROVER1 ,)

Abstract: Action: MOVE(ROVER2 ,WAYPOINT4 ,WAYPOINT8 ,)
Detailed:
Action: MOVE(ROVER2 ,WAYPOINT4 ,WAYPOINT8 ,BATTERY_ROVER2 ,WHEELS_ROVER2 ,)

Abstract: Action: MOVE(ROVER2 ,WAYPOINT8 ,WAYPOINT6 ,)
Detailed:
Action: MOVE(ROVER2 ,WAYPOINT8 ,WAYPOINT6 ,BATTERY_ROVER2 ,WHEELS_ROVER2 ,)

Abstract: Action: MOVE(ROVER2 ,WAYPOINT6 ,WAYPOINT3 ,)
Detailed:
Action: MOVE(ROVER2 ,WAYPOINT6 ,WAYPOINT3 ,BATTERY_ROVER2 ,WHEELS_ROVER2 ,)

Abstract: Action: TAKE_IMAGE(ROVER1 ,OBJECTIVE2 ,WAYPOINT7 ,)
Detailed:
Action: TAKE_IMAGE(ROVER1 ,OBJECTIVE2 ,WAYPOINT7 ,BATTERY_ROVER1 ,)

Abstract: Action: MOVE(ROVER2 ,WAYPOINT3 ,WAYPOINT4 ,)
Detailed:
Action: MOVE(ROVER2 ,WAYPOINT3 ,WAYPOINT4 ,BATTERY_ROVER2 ,WHEELS_ROVER2 ,)

Abstract: Action: MOVE(ROVER2 ,WAYPOINT4 ,WAYPOINT8 ,)
Detailed:
Action: MOVE(ROVER2 ,WAYPOINT4 ,WAYPOINT8 ,BATTERY_ROVER2 ,WHEELS_ROVER2 ,)

Abstract: Action: MOVE(ROVER2 ,WAYPOINT8 ,WAYPOINT6 ,)
Detailed:
Action: MOVE(ROVER2 ,WAYPOINT8 ,WAYPOINT6 ,BATTERY_ROVER2 ,WHEELS_ROVER2 ,)


Subgoals BFS search time: 1060 ms
Subgoals BFS search explored nodes: 54
The solution found by the Subgoals BFS is composed by the following actions:
Abstract: Action: MOVE(ROVER1 ,WAYPOINT6 ,WAYPOINT7 ,)
Detailed:
Action: MOVE(ROVER1 ,WAYPOINT6 ,WAYPOINT7 ,BATTERY_ROVER1 ,WHEELS_ROVER1 ,)


Subgoals BFS search time: 97 ms
Subgoals BFS search explored nodes: 2
The solution found by the Subgoals BFS is composed by the following actions:
Abstract: Action: MOVE(ROVER1 ,WAYPOINT6 ,WAYPOINT8 ,)
Detailed:
Action: MOVE(ROVER1 ,WAYPOINT6 ,WAYPOINT3 ,)
Action: MOVE(ROVER1 ,WAYPOINT3 ,WAYPOINT4 ,)
Action: MOVE(ROVER1 ,WAYPOINT4 ,WAYPOINT8 ,)

Abstract: Action: MOVE(ROVER2 ,WAYPOINT6 ,WAYPOINT7 ,)
Detailed:
Action: MOVE(ROVER2 ,WAYPOINT6 ,WAYPOINT7 ,)

Abstract: Action: TAKE_IMAGE(ROVER2 ,OBJECTIVE2 ,WAYPOINT7 ,)
Detailed:
Action: TAKE_IMAGE(ROVER2 ,OBJECTIVE2 ,WAYPOINT7 ,)

Abstract: Action: MOVE(ROVER1 ,WAYPOINT8 ,WAYPOINT6 ,)
Detailed:
Action: MOVE(ROVER1 ,WAYPOINT8 ,WAYPOINT6 ,)

Abstract: Action: TAKE_IMAGE(ROVER2 ,OBJECTIVE2 ,WAYPOINT7 ,)
Detailed:

Abstract: Action: TAKE_IMAGE(ROVER2 ,OBJECTIVE2 ,WAYPOINT7 ,)
Detailed:

Abstract: Action: TAKE_IMAGE(ROVER2 ,OBJECTIVE2 ,WAYPOINT7 ,)
Detailed:

Abstract: Action: MOVE(ROVER2 ,WAYPOINT7 ,WAYPOINT6 ,)
Detailed:
Action: MOVE(ROVER2 ,WAYPOINT7 ,WAYPOINT6 ,)

Abstract: Action: MOVE(ROVER2 ,WAYPOINT6 ,WAYPOINT3 ,)
Detailed:
Action: MOVE(ROVER2 ,WAYPOINT6 ,WAYPOINT3 ,)

Abstract: Action: MOVE(ROVER1 ,WAYPOINT6 ,WAYPOINT8 ,)
Detailed:
Action: MOVE(ROVER1 ,WAYPOINT6 ,WAYPOINT3 ,)
Action: MOVE(ROVER1 ,WAYPOINT3 ,WAYPOINT4 ,)
Action: MOVE(ROVER1 ,WAYPOINT4 ,WAYPOINT8 ,)

Abstract: Action: TAKE_SAMPLE(ROVER2 ,SAMPLE6 ,WAYPOINT3 ,)
Detailed:
Action: TAKE_SAMPLE(ROVER2 ,SAMPLE6 ,WAYPOINT3 ,)

Abstract: Action: MOVE(ROVER1 ,WAYPOINT8 ,WAYPOINT4 ,)
Detailed:
Action: MOVE(ROVER1 ,WAYPOINT8 ,WAYPOINT6 ,)
Action: MOVE(ROVER1 ,WAYPOINT6 ,WAYPOINT3 ,)
Action: MOVE(ROVER1 ,WAYPOINT3 ,WAYPOINT4 ,)

Abstract: Action: TAKE_IMAGE(ROVER2 ,OBJECTIVE1 ,WAYPOINT3 ,)
Detailed:
Action: TAKE_IMAGE(ROVER1 ,OBJECTIVE1 ,WAYPOINT4 ,)

Abstract: Action: MOVE(ROVER1 ,WAYPOINT4 ,WAYPOINT8 ,)
Detailed:
Action: MOVE(ROVER1 ,WAYPOINT4 ,WAYPOINT8 ,)

Abstract: Action: TAKE_IMAGE(ROVER2 ,OBJECTIVE1 ,WAYPOINT3 ,)
Detailed:

Abstract: Action: TAKE_IMAGE(ROVER2 ,OBJECTIVE1 ,WAYPOINT3 ,)
Detailed:


Subgoals BFS search time: 492 ms
Subgoals BFS search explored nodes: 128
The solution found by the Subgoals BFS is composed by the following actions:
Abstract: Action: MOVE(ROVER1 ,WAYPOINT6 ,WAYPOINT3 ,)
Detailed:
Action: MOVE(ROVER1 ,WAYPOINT6 ,WAYPOINT3 ,BATTERY_ROVER1 ,WHEELS_ROVER1 ,)

Abstract: Action: MOVE(ROVER1 ,WAYPOINT3 ,WAYPOINT4 ,)
Detailed:
Action: MOVE(ROVER1 ,WAYPOINT3 ,WAYPOINT4 ,BATTERY_ROVER1 ,WHEELS_ROVER1 ,)

Abstract: Action: MOVE(ROVER1 ,WAYPOINT4 ,WAYPOINT8 ,)
Detailed:
Action: MOVE(ROVER1 ,WAYPOINT4 ,WAYPOINT8 ,BATTERY_ROVER1 ,WHEELS_ROVER1 ,)

Abstract: Action: MOVE(ROVER2 ,WAYPOINT6 ,WAYPOINT7 ,)
Detailed:
Action: MOVE(ROVER2 ,WAYPOINT6 ,WAYPOINT7 ,BATTERY_ROVER2 ,WHEELS_ROVER2 ,)

Abstract: Action: TAKE_IMAGE(ROVER2 ,OBJECTIVE2 ,WAYPOINT7 ,)
Detailed:
Action: TAKE_IMAGE(ROVER2 ,OBJECTIVE2 ,WAYPOINT7 ,BATTERY_ROVER2 ,)

Abstract: Action: MOVE(ROVER1 ,WAYPOINT8 ,WAYPOINT6 ,)
Detailed:
Action: MOVE(ROVER1 ,WAYPOINT8 ,WAYPOINT6 ,BATTERY_ROVER1 ,WHEELS_ROVER1 ,)

Abstract: Action: MOVE(ROVER2 ,WAYPOINT7 ,WAYPOINT6 ,)
Detailed:
Action: MOVE(ROVER2 ,WAYPOINT7 ,WAYPOINT6 ,BATTERY_ROVER2 ,WHEELS_ROVER2 ,)

Abstract: Action: MOVE(ROVER2 ,WAYPOINT6 ,WAYPOINT3 ,)
Detailed:
Action: MOVE(ROVER2 ,WAYPOINT6 ,WAYPOINT3 ,BATTERY_ROVER2 ,WHEELS_ROVER2 ,)

Abstract: Action: MOVE(ROVER1 ,WAYPOINT6 ,WAYPOINT3 ,)
Detailed:
Action: MOVE(ROVER1 ,WAYPOINT6 ,WAYPOINT3 ,BATTERY_ROVER1 ,WHEELS_ROVER1 ,)

Abstract: Action: MOVE(ROVER1 ,WAYPOINT3 ,WAYPOINT4 ,)
Detailed:
Action: MOVE(ROVER1 ,WAYPOINT3 ,WAYPOINT4 ,BATTERY_ROVER1 ,WHEELS_ROVER1 ,)

Abstract: Action: MOVE(ROVER1 ,WAYPOINT4 ,WAYPOINT8 ,)
Detailed:
Action: MOVE(ROVER1 ,WAYPOINT4 ,WAYPOINT8 ,BATTERY_ROVER1 ,WHEELS_ROVER1 ,)

Abstract: Action: TAKE_SAMPLE(ROVER2 ,SAMPLE6 ,WAYPOINT3 ,)
Detailed:
Action: TAKE_SAMPLE(ROVER2 ,SAMPLE6 ,WAYPOINT3 ,BATTERY_ROVER2 ,)

Abstract: Action: MOVE(ROVER1 ,WAYPOINT8 ,WAYPOINT6 ,)
Detailed:
Action: MOVE(ROVER1 ,WAYPOINT8 ,WAYPOINT6 ,BATTERY_ROVER1 ,WHEELS_ROVER1 ,)

Abstract: Action: MOVE(ROVER1 ,WAYPOINT6 ,WAYPOINT3 ,)
Detailed:
Action: MOVE(ROVER1 ,WAYPOINT6 ,WAYPOINT3 ,BATTERY_ROVER1 ,WHEELS_ROVER1 ,)

Abstract: Action: MOVE(ROVER1 ,WAYPOINT3 ,WAYPOINT4 ,)
Detailed:
Action: MOVE(ROVER1 ,WAYPOINT3 ,WAYPOINT4 ,BATTERY_ROVER1 ,WHEELS_ROVER1 ,)

Abstract: Action: TAKE_IMAGE(ROVER1 ,OBJECTIVE1 ,WAYPOINT4 ,)
Detailed:
Action: TAKE_IMAGE(ROVER1 ,OBJECTIVE1 ,WAYPOINT4 ,BATTERY_ROVER1 ,)

Abstract: Action: MOVE(ROVER1 ,WAYPOINT4 ,WAYPOINT8 ,)
Detailed:
Action: MOVE(ROVER1 ,WAYPOINT4 ,WAYPOINT8 ,BATTERY_ROVER1 ,WHEELS_ROVER1 ,)

Abstract: Action: TAKE_IMAGE(ROVER2 ,OBJECTIVE1 ,WAYPOINT3 ,)
Detailed:


Subgoals BFS search time: 860 ms
Subgoals BFS search explored nodes: 35
