Normal BFS search time: 973 ms

Normal BFS search explored nodes: 288

The solution found by the normal BFS is composed by the following actions:
Action: MOVE(ROVER ,WAYPOINT6 ,WAYPOINT3 ,)
Action: MOVE(ROVER ,WAYPOINT3 ,WAYPOINT4 ,)
Action: MOVE(ROVER ,WAYPOINT4 ,WAYPOINT8 ,)
Action: MOVE(ROVER ,WAYPOINT8 ,WAYPOINT6 ,)
Action: MOVE(ROVER ,WAYPOINT6 ,WAYPOINT3 ,)
Action: TAKE_SAMPLE(ROVER ,SAMPLE2 ,WAYPOINT3 ,)
Action: TAKE_IMAGE(ROVER ,OBJECTIVE1 ,WAYPOINT3 ,)

The solution found by the Subgoals BFS is composed by the following actions:
Abstract: Action: MOVE(ROVER ,WAYPOINT6 ,WAYPOINT3 ,)
Detailed:
Action: MOVE(ROVER ,WAYPOINT6 ,WAYPOINT3 ,)

Abstract: Action: TAKE_SAMPLE(ROVER ,SAMPLE2 ,WAYPOINT3 ,)
Detailed:
Action: TAKE_SAMPLE(ROVER ,SAMPLE2 ,WAYPOINT3 ,)

Abstract: Action: MOVE(ROVER ,WAYPOINT3 ,WAYPOINT4 ,)
Detailed:
Action: MOVE(ROVER ,WAYPOINT3 ,WAYPOINT4 ,)

Abstract: Action: TAKE_IMAGE(ROVER ,OBJECTIVE1 ,WAYPOINT4 ,)
Detailed:
Action: TAKE_IMAGE(ROVER ,OBJECTIVE1 ,WAYPOINT4 ,)

Abstract: Action: MOVE(ROVER ,WAYPOINT4 ,WAYPOINT3 ,)
Detailed:
Action: MOVE(ROVER ,WAYPOINT4 ,WAYPOINT8 ,)
Action: MOVE(ROVER ,WAYPOINT8 ,WAYPOINT6 ,)
Action: MOVE(ROVER ,WAYPOINT6 ,WAYPOINT3 ,)


Subgoals BFS search time: 45 ms
Subgoals BFS search explored nodes: 14
Normal BFS search time: 38488 ms

Normal BFS search explored nodes: 6989

The solution found by the normal BFS is composed by the following actions:
Action: MOVE(ROVER ,WAYPOINT6 ,WAYPOINT3 ,BATTERY ,WHEELS ,)
Action: MOVE(ROVER ,WAYPOINT3 ,WAYPOINT4 ,BATTERY ,WHEELS ,)
Action: MOVE(ROVER ,WAYPOINT4 ,WAYPOINT8 ,BATTERY ,WHEELS ,)
Action: MOVE(ROVER ,WAYPOINT8 ,WAYPOINT6 ,BATTERY ,WHEELS ,)
Action: MOVE(ROVER ,WAYPOINT6 ,WAYPOINT3 ,BATTERY ,WHEELS ,)
Action: TAKE_SAMPLE(ROVER ,SAMPLE2 ,WAYPOINT3 ,BATTERY ,)
Action: MOVE(ROVER ,WAYPOINT3 ,WAYPOINT4 ,BATTERY ,WHEELS ,)
Action: MOVE(ROVER ,WAYPOINT4 ,WAYPOINT9 ,BATTERY ,WHEELS ,)
Action: MOVE(ROVER ,WAYPOINT9 ,WAYPOINT4 ,BATTERY ,WHEELS ,)
Action: TAKE_IMAGE(ROVER ,OBJECTIVE1 ,WAYPOINT4 ,BATTERY ,)

The solution found by the Subgoals BFS is composed by the following actions:
Abstract: Action: MOVE(ROVER ,WAYPOINT6 ,WAYPOINT3 ,)
Detailed:
Action: MOVE(ROVER ,WAYPOINT6 ,WAYPOINT3 ,BATTERY ,WHEELS ,)

Abstract: Action: TAKE_SAMPLE(ROVER ,SAMPLE2 ,WAYPOINT3 ,)
Detailed:
Action: TAKE_SAMPLE(ROVER ,SAMPLE2 ,WAYPOINT3 ,BATTERY ,)

Abstract: Action: MOVE(ROVER ,WAYPOINT3 ,WAYPOINT4 ,)
Detailed:
Action: MOVE(ROVER ,WAYPOINT3 ,WAYPOINT4 ,BATTERY ,WHEELS ,)

Abstract: Action: TAKE_IMAGE(ROVER ,OBJECTIVE1 ,WAYPOINT4 ,)
Detailed:
Action: TAKE_IMAGE(ROVER ,OBJECTIVE1 ,WAYPOINT4 ,BATTERY ,)

Abstract: Action: MOVE(ROVER ,WAYPOINT4 ,WAYPOINT8 ,)
Detailed:
Action: MOVE(ROVER ,WAYPOINT4 ,WAYPOINT8 ,BATTERY ,WHEELS ,)

Abstract: Action: MOVE(ROVER ,WAYPOINT8 ,WAYPOINT6 ,)
Detailed:
Action: MOVE(ROVER ,WAYPOINT8 ,WAYPOINT6 ,BATTERY ,WHEELS ,)

Abstract: Action: MOVE(ROVER ,WAYPOINT6 ,WAYPOINT3 ,)
Detailed:
Action: MOVE(ROVER ,WAYPOINT6 ,WAYPOINT3 ,BATTERY ,WHEELS ,)

Abstract: Action: TAKE_IMAGE(ROVER ,OBJECTIVE1 ,WAYPOINT3 ,)
Detailed:

Abstract: Action: MOVE(ROVER ,WAYPOINT3 ,WAYPOINT4 ,)
Detailed:
Action: MOVE(ROVER ,WAYPOINT3 ,WAYPOINT4 ,BATTERY ,WHEELS ,)

Abstract: Action: MOVE(ROVER ,WAYPOINT4 ,WAYPOINT9 ,)
Detailed:
Action: MOVE(ROVER ,WAYPOINT4 ,WAYPOINT9 ,BATTERY ,WHEELS ,)

Abstract: Action: MOVE(ROVER ,WAYPOINT9 ,WAYPOINT4 ,)
Detailed:
Action: MOVE(ROVER ,WAYPOINT9 ,WAYPOINT4 ,BATTERY ,WHEELS ,)


Subgoals BFS search time: 65 ms
Subgoals BFS search explored nodes: 15
