The solution found by the Subgoals BFS is composed by the following actions:
Abstract: Action: MOVE(ROVER1 ,WAYPOINT6 ,WAYPOINT3 ,)
Detailed:
Action: MOVE(ROVER1 ,WAYPOINT6 ,WAYPOINT3 ,)

Abstract: Action: MOVE(ROVER2 ,WAYPOINT6 ,WAYPOINT8 ,)
Detailed:
Action: MOVE(ROVER2 ,WAYPOINT6 ,WAYPOINT3 ,)
Action: MOVE(ROVER2 ,WAYPOINT3 ,WAYPOINT4 ,)
Action: MOVE(ROVER2 ,WAYPOINT4 ,WAYPOINT8 ,)

Abstract: Action: TAKE_IMAGE(ROVER1 ,OBJECTIVE1 ,WAYPOINT3 ,)
Detailed:
Action: TAKE_IMAGE(ROVER1 ,OBJECTIVE1 ,WAYPOINT3 ,)

Abstract: Action: TAKE_SAMPLE(ROVER1 ,SAMPLE6 ,WAYPOINT3 ,)
Detailed:
Action: TAKE_SAMPLE(ROVER1 ,SAMPLE6 ,WAYPOINT3 ,)


Subgoals BFS search time: 243 ms
Subgoals BFS search explored nodes: 97
The solution found by the Subgoals BFS is composed by the following actions:
Abstract: Action: MOVE(ROVER1 ,WAYPOINT6 ,WAYPOINT3 ,)
Detailed:
Action: MOVE(ROVER1 ,WAYPOINT6 ,WAYPOINT3 ,BATTERY_ROVER1 ,WHEELS_ROVER1 ,)

Abstract: Action: MOVE(ROVER2 ,WAYPOINT6 ,WAYPOINT3 ,)
Detailed:
Action: MOVE(ROVER2 ,WAYPOINT6 ,WAYPOINT3 ,BATTERY_ROVER2 ,WHEELS_ROVER2 ,)

Abstract: Action: MOVE(ROVER2 ,WAYPOINT3 ,WAYPOINT4 ,)
Detailed:
Action: MOVE(ROVER2 ,WAYPOINT3 ,WAYPOINT4 ,BATTERY_ROVER2 ,WHEELS_ROVER2 ,)

Abstract: Action: MOVE(ROVER2 ,WAYPOINT4 ,WAYPOINT8 ,)
Detailed:
Action: MOVE(ROVER2 ,WAYPOINT4 ,WAYPOINT8 ,BATTERY_ROVER2 ,WHEELS_ROVER2 ,)

Abstract: Action: TAKE_IMAGE(ROVER1 ,OBJECTIVE1 ,WAYPOINT3 ,)
Detailed:
Action: TAKE_IMAGE(ROVER1 ,OBJECTIVE1 ,WAYPOINT3 ,BATTERY_ROVER1 ,)

Abstract: Action: TAKE_SAMPLE(ROVER1 ,SAMPLE6 ,WAYPOINT3 ,)
Detailed:
Action: TAKE_SAMPLE(ROVER1 ,SAMPLE6 ,WAYPOINT3 ,BATTERY_ROVER1 ,)

Abstract: Action: TAKE_IMAGE(ROVER2 ,OBJECTIVE3 ,WAYPOINT8 ,)
Detailed:
Action: TAKE_IMAGE(ROVER2 ,OBJECTIVE3 ,WAYPOINT8 ,BATTERY_ROVER2 ,)

Abstract: Action: MOVE(ROVER1 ,WAYPOINT3 ,WAYPOINT4 ,)
Detailed:
Action: MOVE(ROVER1 ,WAYPOINT3 ,WAYPOINT4 ,BATTERY_ROVER1 ,WHEELS_ROVER1 ,)


Subgoals BFS search time: 347 ms
Subgoals BFS search explored nodes: 24
