The solution found by the Subgoals BFS is composed by the following actions:
Abstract: MOVE(ROVER1, WAYPOINT6, WAYPOINT3), IDLE(ROVER2)
Detailed All Sequetial:
MOVE(ROVER1, WAYPOINT6, WAYPOINT3)
Detailed Sequetial Lists of Parallel Actions:
Turn [0]:
MOVE(ROVER1, WAYPOINT6, WAYPOINT3)
IDLE(ROVER2)

Abstract: TAKE_SAMPLE(ROVER1, SAMPLE6, WAYPOINT3), MOVE(ROVER2, WAYPOINT6, WAYPOINT8)
Detailed All Sequetial:
MOVE(ROVER2, WAYPOINT6, WAYPOINT3)
MOVE(ROVER2, WAYPOINT3, WAYPOINT4)
MOVE(ROVER2, WAYPOINT4, WAYPOINT8)
TAKE_SAMPLE(ROVER1, SAMPLE6, WAYPOINT3)
Detailed Sequetial Lists of Parallel Actions:
Turn [0]:
TAKE_SAMPLE(ROVER1, SAMPLE6, WAYPOINT3)
MOVE(ROVER2, WAYPOINT4, WAYPOINT8)
Turn [1]:
IDLE(ROVER1)
MOVE(ROVER2, WAYPOINT3, WAYPOINT4)
Turn [2]:
IDLE(ROVER1)
MOVE(ROVER2, WAYPOINT6, WAYPOINT3)

Abstract: IDLE(ROVER1), MOVE(ROVER2, WAYPOINT8, WAYPOINT4)
Detailed All Sequetial:
MOVE(ROVER2, WAYPOINT8, WAYPOINT6)
MOVE(ROVER2, WAYPOINT6, WAYPOINT3)
MOVE(ROVER2, WAYPOINT3, WAYPOINT4)
Detailed Sequetial Lists of Parallel Actions:
Turn [0]:
IDLE(ROVER1)
MOVE(ROVER2, WAYPOINT3, WAYPOINT4)
Turn [1]:
IDLE(ROVER1)
MOVE(ROVER2, WAYPOINT6, WAYPOINT3)
Turn [2]:
IDLE(ROVER1)
MOVE(ROVER2, WAYPOINT8, WAYPOINT6)

Abstract: IDLE(ROVER1), MOVE(ROVER2, WAYPOINT4, WAYPOINT3)
Detailed All Sequetial:
MOVE(ROVER2, WAYPOINT4, WAYPOINT8)
MOVE(ROVER2, WAYPOINT8, WAYPOINT6)
MOVE(ROVER2, WAYPOINT6, WAYPOINT3)
Detailed Sequetial Lists of Parallel Actions:
Turn [0]:
IDLE(ROVER1)
MOVE(ROVER2, WAYPOINT6, WAYPOINT3)
Turn [1]:
IDLE(ROVER1)
MOVE(ROVER2, WAYPOINT8, WAYPOINT6)
Turn [2]:
IDLE(ROVER1)
MOVE(ROVER2, WAYPOINT4, WAYPOINT8)

Abstract: IDLE(ROVER1), MOVE(ROVER2, WAYPOINT3, WAYPOINT4)
Detailed All Sequetial:
MOVE(ROVER2, WAYPOINT3, WAYPOINT4)
Detailed Sequetial Lists of Parallel Actions:
Turn [0]:
IDLE(ROVER1)
MOVE(ROVER2, WAYPOINT3, WAYPOINT4)

Abstract: TAKE_IMAGE(ROVER1, OBJECTIVE1, WAYPOINT3), MOVE(ROVER2, WAYPOINT4, WAYPOINT8)
Detailed All Sequetial:
MOVE(ROVER2, WAYPOINT4, WAYPOINT8)
TAKE_IMAGE(ROVER1, OBJECTIVE1, WAYPOINT3)
Detailed Sequetial Lists of Parallel Actions:
Turn [0]:
TAKE_IMAGE(ROVER1, OBJECTIVE1, WAYPOINT3)
MOVE(ROVER2, WAYPOINT4, WAYPOINT8)

Abstract: TAKE_IMAGE(ROVER1, OBJECTIVE1, WAYPOINT3), MOVE(ROVER2, WAYPOINT8, WAYPOINT6)
Detailed All Sequetial:
MOVE(ROVER2, WAYPOINT8, WAYPOINT6)
Detailed Sequetial Lists of Parallel Actions:
Turn [0]:
IDLE(ROVER1)
MOVE(ROVER2, WAYPOINT8, WAYPOINT6)

Abstract: TAKE_IMAGE(ROVER1, OBJECTIVE1, WAYPOINT3), MOVE(ROVER2, WAYPOINT6, WAYPOINT7)
Detailed All Sequetial:
MOVE(ROVER2, WAYPOINT6, WAYPOINT7)
Detailed Sequetial Lists of Parallel Actions:
Turn [0]:
IDLE(ROVER1)
MOVE(ROVER2, WAYPOINT6, WAYPOINT7)

Abstract: MOVE(ROVER1, WAYPOINT3, WAYPOINT4), MOVE(ROVER2, WAYPOINT7, WAYPOINT6)
Detailed All Sequetial:
MOVE(ROVER1, WAYPOINT3, WAYPOINT4)
MOVE(ROVER2, WAYPOINT7, WAYPOINT6)
Detailed Sequetial Lists of Parallel Actions:
Turn [0]:
MOVE(ROVER1, WAYPOINT3, WAYPOINT4)
MOVE(ROVER2, WAYPOINT7, WAYPOINT6)

Abstract: IDLE(ROVER1), MOVE(ROVER2, WAYPOINT6, WAYPOINT8)
Detailed All Sequetial:
MOVE(ROVER2, WAYPOINT6, WAYPOINT3)
MOVE(ROVER2, WAYPOINT3, WAYPOINT4)
MOVE(ROVER2, WAYPOINT4, WAYPOINT8)
Detailed Sequetial Lists of Parallel Actions:
Turn [0]:
IDLE(ROVER1)
MOVE(ROVER2, WAYPOINT4, WAYPOINT8)
Turn [1]:
IDLE(ROVER1)
MOVE(ROVER2, WAYPOINT3, WAYPOINT4)
Turn [2]:
IDLE(ROVER1)
MOVE(ROVER2, WAYPOINT6, WAYPOINT3)

Abstract: TAKE_IMAGE(ROVER1, OBJECTIVE1, WAYPOINT4), IDLE(ROVER2)
Detailed All Sequetial:
Detailed Sequetial Lists of Parallel Actions:

Abstract: TAKE_IMAGE(ROVER1, OBJECTIVE1, WAYPOINT4), MOVE(ROVER2, WAYPOINT8, WAYPOINT4)
Detailed All Sequetial:
MOVE(ROVER2, WAYPOINT8, WAYPOINT6)
MOVE(ROVER2, WAYPOINT6, WAYPOINT3)
MOVE(ROVER2, WAYPOINT3, WAYPOINT4)
Detailed Sequetial Lists of Parallel Actions:
Turn [0]:
IDLE(ROVER1)
MOVE(ROVER2, WAYPOINT3, WAYPOINT4)
Turn [1]:
IDLE(ROVER1)
MOVE(ROVER2, WAYPOINT6, WAYPOINT3)
Turn [2]:
IDLE(ROVER1)
MOVE(ROVER2, WAYPOINT8, WAYPOINT6)

Abstract: MOVE(ROVER1, WAYPOINT4, WAYPOINT9), IDLE(ROVER2)
Detailed All Sequetial:
MOVE(ROVER1, WAYPOINT4, WAYPOINT9)
Detailed Sequetial Lists of Parallel Actions:
Turn [0]:
MOVE(ROVER1, WAYPOINT4, WAYPOINT9)
IDLE(ROVER2)

Abstract: IDLE(ROVER1), TAKE_IMAGE(ROVER2, OBJECTIVE1, WAYPOINT4)
Detailed All Sequetial:
Detailed Sequetial Lists of Parallel Actions:

Abstract: IDLE(ROVER1), MOVE(ROVER2, WAYPOINT4, WAYPOINT9)
Detailed All Sequetial:
MOVE(ROVER2, WAYPOINT4, WAYPOINT9)
Detailed Sequetial Lists of Parallel Actions:
Turn [0]:
IDLE(ROVER1)
MOVE(ROVER2, WAYPOINT4, WAYPOINT9)

Abstract: MOVE(ROVER1, WAYPOINT9, WAYPOINT1), IDLE(ROVER2)
Detailed All Sequetial:
MOVE(ROVER1, WAYPOINT9, WAYPOINT1)
Detailed Sequetial Lists of Parallel Actions:
Turn [0]:
MOVE(ROVER1, WAYPOINT9, WAYPOINT1)
IDLE(ROVER2)

Abstract: TAKE_IMAGE(ROVER1, OBJECTIVE4, WAYPOINT1), MOVE(ROVER2, WAYPOINT9, WAYPOINT1)
Detailed All Sequetial:
MOVE(ROVER2, WAYPOINT9, WAYPOINT1)
TAKE_IMAGE(ROVER1, OBJECTIVE4, WAYPOINT1)
Detailed Sequetial Lists of Parallel Actions:
Turn [0]:
TAKE_IMAGE(ROVER1, OBJECTIVE4, WAYPOINT1)
MOVE(ROVER2, WAYPOINT9, WAYPOINT1)

Abstract: MOVE(ROVER1, WAYPOINT1, WAYPOINT5), TAKE_IMAGE(ROVER2, OBJECTIVE4, WAYPOINT1)
Detailed All Sequetial:
MOVE(ROVER1, WAYPOINT1, WAYPOINT5)
Detailed Sequetial Lists of Parallel Actions:
Turn [0]:
MOVE(ROVER1, WAYPOINT1, WAYPOINT5)
IDLE(ROVER2)

Abstract: MOVE(ROVER1, WAYPOINT5, WAYPOINT1), IDLE(ROVER2)
Detailed All Sequetial:
MOVE(ROVER1, WAYPOINT5, WAYPOINT1)
Detailed Sequetial Lists of Parallel Actions:
Turn [0]:
MOVE(ROVER1, WAYPOINT5, WAYPOINT1)
IDLE(ROVER2)

Abstract: MOVE(ROVER1, WAYPOINT1, WAYPOINT9), TAKE_IMAGE(ROVER2, OBJECTIVE4, WAYPOINT1)
Detailed All Sequetial:
MOVE(ROVER1, WAYPOINT1, WAYPOINT9)
Detailed Sequetial Lists of Parallel Actions:
Turn [0]:
MOVE(ROVER1, WAYPOINT1, WAYPOINT9)
IDLE(ROVER2)

Abstract: MOVE(ROVER1, WAYPOINT9, WAYPOINT1), TAKE_IMAGE(ROVER2, OBJECTIVE4, WAYPOINT1)
Detailed All Sequetial:
MOVE(ROVER1, WAYPOINT9, WAYPOINT1)
Detailed Sequetial Lists of Parallel Actions:
Turn [0]:
MOVE(ROVER1, WAYPOINT9, WAYPOINT1)
IDLE(ROVER2)

Abstract: MOVE(ROVER1, WAYPOINT1, WAYPOINT5), MOVE(ROVER2, WAYPOINT1, WAYPOINT9)
Detailed All Sequetial:
MOVE(ROVER1, WAYPOINT1, WAYPOINT5)
MOVE(ROVER2, WAYPOINT1, WAYPOINT9)
Detailed Sequetial Lists of Parallel Actions:
Turn [0]:
MOVE(ROVER1, WAYPOINT1, WAYPOINT5)
MOVE(ROVER2, WAYPOINT1, WAYPOINT9)

Abstract: TAKE_IMAGE(ROVER1, OBJECTIVE2, WAYPOINT5), IDLE(ROVER2)
Detailed All Sequetial:
TAKE_IMAGE(ROVER1, OBJECTIVE2, WAYPOINT5)
Detailed Sequetial Lists of Parallel Actions:
Turn [0]:
TAKE_IMAGE(ROVER1, OBJECTIVE2, WAYPOINT5)
IDLE(ROVER2)

Abstract: TAKE_IMAGE(ROVER1, OBJECTIVE2, WAYPOINT5), MOVE(ROVER2, WAYPOINT9, WAYPOINT4)
Detailed All Sequetial:
MOVE(ROVER2, WAYPOINT9, WAYPOINT4)
Detailed Sequetial Lists of Parallel Actions:
Turn [0]:
IDLE(ROVER1)
MOVE(ROVER2, WAYPOINT9, WAYPOINT4)

Abstract: IDLE(ROVER1), IDLE(ROVER2)
Detailed All Sequetial:
Detailed Sequetial Lists of Parallel Actions:

Abstract: MOVE(ROVER1, WAYPOINT5, WAYPOINT1), MOVE(ROVER2, WAYPOINT4, WAYPOINT8)
Detailed All Sequetial:
MOVE(ROVER1, WAYPOINT5, WAYPOINT1)
MOVE(ROVER2, WAYPOINT4, WAYPOINT8)
Detailed Sequetial Lists of Parallel Actions:
Turn [0]:
MOVE(ROVER1, WAYPOINT5, WAYPOINT1)
MOVE(ROVER2, WAYPOINT4, WAYPOINT8)

Abstract: MOVE(ROVER1, WAYPOINT1, WAYPOINT9), IDLE(ROVER2)
Detailed All Sequetial:
MOVE(ROVER1, WAYPOINT1, WAYPOINT9)
Detailed Sequetial Lists of Parallel Actions:
Turn [0]:
MOVE(ROVER1, WAYPOINT1, WAYPOINT9)
IDLE(ROVER2)

Abstract: IDLE(ROVER1), MOVE(ROVER2, WAYPOINT8, WAYPOINT6)
Detailed All Sequetial:
MOVE(ROVER2, WAYPOINT8, WAYPOINT6)
Detailed Sequetial Lists of Parallel Actions:
Turn [0]:
IDLE(ROVER1)
MOVE(ROVER2, WAYPOINT8, WAYPOINT6)

Abstract: IDLE(ROVER1), MOVE(ROVER2, WAYPOINT6, WAYPOINT8)
Detailed All Sequetial:
MOVE(ROVER2, WAYPOINT6, WAYPOINT3)
MOVE(ROVER2, WAYPOINT3, WAYPOINT4)
MOVE(ROVER2, WAYPOINT4, WAYPOINT8)
Detailed Sequetial Lists of Parallel Actions:
Turn [0]:
IDLE(ROVER1)
MOVE(ROVER2, WAYPOINT4, WAYPOINT8)
Turn [1]:
IDLE(ROVER1)
MOVE(ROVER2, WAYPOINT3, WAYPOINT4)
Turn [2]:
IDLE(ROVER1)
MOVE(ROVER2, WAYPOINT6, WAYPOINT3)

Abstract: IDLE(ROVER1), TAKE_IMAGE(ROVER2, OBJECTIVE3, WAYPOINT8)
Detailed All Sequetial:
TAKE_IMAGE(ROVER2, OBJECTIVE3, WAYPOINT8)
Detailed Sequetial Lists of Parallel Actions:
Turn [0]:
IDLE(ROVER1)
TAKE_IMAGE(ROVER2, OBJECTIVE3, WAYPOINT8)

Abstract: MOVE(ROVER1, WAYPOINT9, WAYPOINT1), TAKE_IMAGE(ROVER2, OBJECTIVE3, WAYPOINT8)
Detailed All Sequetial:
MOVE(ROVER1, WAYPOINT9, WAYPOINT1)
Detailed Sequetial Lists of Parallel Actions:
Turn [0]:
MOVE(ROVER1, WAYPOINT9, WAYPOINT1)
IDLE(ROVER2)


Subgoals BFS search time: 2733 ms
Subgoals BFS search explored nodes: 876
