The solution found by the Subgoals BFS is composed by the following actions:
Abstract: Action: MOVE(ROVER2 ,WAYPOINT6 ,WAYPOINT8 ,)
Detailed:
Action: MOVE(ROVER2 ,WAYPOINT6 ,WAYPOINT3 ,)
Action: MOVE(ROVER2 ,WAYPOINT3 ,WAYPOINT4 ,)
Action: MOVE(ROVER2 ,WAYPOINT4 ,WAYPOINT8 ,)


Subgoals BFS search time: 575 ms
Subgoals BFS search explored nodes: 104
The solution found by the Subgoals BFS is composed by the following actions:
Abstract: Action: MOVE(ROVER2 ,WAYPOINT6 ,WAYPOINT3 ,)
Detailed:
Action: MOVE(ROVER2 ,WAYPOINT6 ,WAYPOINT3 ,BATTERY_ROVER2 ,WHEELS_ROVER2 ,)

Abstract: Action: MOVE(ROVER2 ,WAYPOINT3 ,WAYPOINT4 ,)
Detailed:
Action: MOVE(ROVER2 ,WAYPOINT3 ,WAYPOINT4 ,BATTERY_ROVER2 ,WHEELS_ROVER2 ,)

Abstract: Action: MOVE(ROVER2 ,WAYPOINT4 ,WAYPOINT8 ,)
Detailed:
Action: MOVE(ROVER2 ,WAYPOINT4 ,WAYPOINT8 ,BATTERY_ROVER2 ,WHEELS_ROVER2 ,)

Abstract: Action: TAKE_IMAGE(ROVER2 ,OBJECTIVE3 ,WAYPOINT8 ,)
Detailed:
Action: TAKE_IMAGE(ROVER2 ,OBJECTIVE3 ,WAYPOINT8 ,BATTERY_ROVER2 ,)


Subgoals BFS search time: 385 ms
Subgoals BFS search explored nodes: 14
The solution found by the Subgoals BFS is composed by the following actions:
Abstract: Action: MOVE(ROVER1 ,WAYPOINT6 ,WAYPOINT7 ,)
Detailed:
Action: MOVE(ROVER1 ,WAYPOINT6 ,WAYPOINT7 ,)

Abstract: Action: MOVE(ROVER2 ,WAYPOINT6 ,WAYPOINT3 ,)
Detailed:
Action: MOVE(ROVER2 ,WAYPOINT6 ,WAYPOINT3 ,)

Abstract: Action: TAKE_SAMPLE(ROVER2 ,SAMPLE5 ,WAYPOINT3 ,)
Detailed:
Action: TAKE_SAMPLE(ROVER2 ,SAMPLE5 ,WAYPOINT3 ,)

Abstract: Action: MOVE(ROVER2 ,WAYPOINT3 ,WAYPOINT4 ,)
Detailed:
Action: MOVE(ROVER2 ,WAYPOINT3 ,WAYPOINT4 ,)

Abstract: Action: TAKE_IMAGE(ROVER1 ,OBJECTIVE2 ,WAYPOINT7 ,)
Detailed:
Action: TAKE_IMAGE(ROVER1 ,OBJECTIVE2 ,WAYPOINT7 ,)

Abstract: Action: MOVE(ROVER2 ,WAYPOINT4 ,WAYPOINT9 ,)
Detailed:
Action: MOVE(ROVER2 ,WAYPOINT4 ,WAYPOINT9 ,)

Abstract: Action: TAKE_IMAGE(ROVER1 ,OBJECTIVE2 ,WAYPOINT7 ,)
Detailed:

Abstract: Action: TAKE_IMAGE(ROVER1 ,OBJECTIVE2 ,WAYPOINT7 ,)
Detailed:

Abstract: Action: MOVE(ROVER2 ,WAYPOINT9 ,WAYPOINT4 ,)
Detailed:
Action: MOVE(ROVER2 ,WAYPOINT9 ,WAYPOINT4 ,)


Subgoals BFS search time: 161 ms
Subgoals BFS search explored nodes: 20
